<?xml version="1.0" encoding="UTF-8"?>
<!-- Generated by org.testng.reporters.JUnitXMLReporter -->
<testsuite ignored="0" hostname="LAPTOP-68QE47RJ" failures="1" tests="3" name="Test" time="13.885" errors="0" timestamp="2026-01-13T02:26:54 CET">
  <testcase classname="soap.testingrunner" name="SoapUITest" time="7.378">
    <failure type="java.lang.AssertionError" message="expected:&amp;lt;PASS&amp;gt; but was:&amp;lt;FAIL&amp;gt;">
      <![CDATA[java.lang.AssertionError: expected:<PASS> but was:<FAIL>
at soap.testingrunner.SoapUITest(testingrunner.java:63)
at java.base/java.util.ArrayList.forEach(ArrayList.java:1596)
... Removed 28 stack frames]]>
    </failure>
  </testcase> <!-- SoapUITest -->
  <testcase classname="rest.TestREsTAPI" name="RESTAPI" time="6.245"/>
  <testcase classname="soap.testRunner2" name="SingleTest" time="0.186"/>
</testsuite> <!-- Test -->
