<?xml version="1.0" encoding="UTF-8"?>
<testng-results ignored="0" total="3" passed="2" failed="1" skipped="0">
  <reporter-output>
  </reporter-output>
  <suite started-at="2026-01-13T02:26:40 CET" name="Suite" finished-at="2026-01-13T02:26:54 CET" duration-ms="13885">
    <groups>
    </groups>
    <test started-at="2026-01-13T02:26:40 CET" name="Test" finished-at="2026-01-13T02:26:54 CET" duration-ms="13885">
      <class name="soap.testRunner2">
        <test-method signature="SingleTest()[pri:0, instance:soap.testRunner2@1253e7cb]" started-at="2026-01-13T02:26:53 CET" name="SingleTest" finished-at="2026-01-13T02:26:54 CET" duration-ms="186" status="PASS">
          <reporter-output>
          </reporter-output>
        </test-method> <!-- SingleTest -->
      </class> <!-- soap.testRunner2 -->
      <class name="soap.testingrunner">
        <test-method signature="SoapUITest()[pri:0, instance:soap.testingrunner@1dd6d4b7]" started-at="2026-01-13T02:26:40 CET" name="SoapUITest" finished-at="2026-01-13T02:26:47 CET" duration-ms="7378" status="FAIL">
          <exception class="java.lang.AssertionError">
            <message>
              <![CDATA[expected:<PASS> but was:<FAIL>]]>
            </message>
            <full-stacktrace>
              <![CDATA[java.lang.AssertionError: expected:<PASS> but was:<FAIL>
at org.testng.AssertJUnit.fail(AssertJUnit.java:65)
at org.testng.AssertJUnit.failNotEquals(AssertJUnit.java:467)
at org.testng.AssertJUnit.assertEquals(AssertJUnit.java:88)
at org.testng.AssertJUnit.assertEquals(AssertJUnit.java:98)
at soap.testingrunner.SoapUITest(testingrunner.java:63)
at java.base/jdk.internal.reflect.DirectMethodHandleAccessor.invoke(DirectMethodHandleAccessor.java:103)
at java.base/java.lang.reflect.Method.invoke(Method.java:580)
at org.testng.internal.invokers.MethodInvocationHelper.invokeMethod(MethodInvocationHelper.java:141)
at org.testng.internal.invokers.TestInvoker.invokeMethod(TestInvoker.java:687)
at org.testng.internal.invokers.TestInvoker.invokeTestMethod(TestInvoker.java:230)
at org.testng.internal.invokers.MethodRunner.runInSequence(MethodRunner.java:63)
at org.testng.internal.invokers.TestInvoker$MethodInvocationAgent.invoke(TestInvoker.java:995)
at org.testng.internal.invokers.TestInvoker.invokeTestMethods(TestInvoker.java:203)
at org.testng.internal.invokers.TestMethodWorker.invokeTestMethods(TestMethodWorker.java:154)
at org.testng.internal.invokers.TestMethodWorker.run(TestMethodWorker.java:134)
at java.base/java.util.ArrayList.forEach(ArrayList.java:1596)
at org.testng.TestRunner.privateRun(TestRunner.java:741)
at org.testng.TestRunner.run(TestRunner.java:616)
at org.testng.SuiteRunner.runTest(SuiteRunner.java:421)
at org.testng.SuiteRunner.runSequentially(SuiteRunner.java:413)
at org.testng.SuiteRunner.privateRun(SuiteRunner.java:373)
at org.testng.SuiteRunner.run(SuiteRunner.java:312)
at org.testng.SuiteRunnerWorker.runSuite(SuiteRunnerWorker.java:52)
at org.testng.SuiteRunnerWorker.run(SuiteRunnerWorker.java:95)
at org.testng.TestNG.runSuitesSequentially(TestNG.java:1274)
at org.testng.TestNG.runSuitesLocally(TestNG.java:1208)
at org.testng.TestNG.runSuites(TestNG.java:1112)
at org.testng.TestNG.run(TestNG.java:1079)
at org.testng.TestNG.privateMain(TestNG.java:1430)
at org.testng.TestNG.main(TestNG.java:1394)
]]>
            </full-stacktrace>
          </exception> <!-- java.lang.AssertionError -->
          <reporter-output>
          </reporter-output>
        </test-method> <!-- SoapUITest -->
      </class> <!-- soap.testingrunner -->
      <class name="rest.TestREsTAPI">
        <test-method signature="RESTAPI()[pri:0, instance:rest.TestREsTAPI@2d36e77e]" started-at="2026-01-13T02:26:47 CET" name="RESTAPI" finished-at="2026-01-13T02:26:53 CET" duration-ms="6245" status="PASS">
          <reporter-output>
          </reporter-output>
        </test-method> <!-- RESTAPI -->
      </class> <!-- rest.TestREsTAPI -->
    </test> <!-- Test -->
  </suite> <!-- Suite -->
</testng-results>
